Release 12.2 - xst M.63c (nt64)
Copyright (c) 1995-2010 Xilinx, Inc.  All rights reserved.
--> Parameter TMPDIR set to xst/projnav.tmp


Total REAL time to Xst completion: 0.00 secs
Total CPU time to Xst completion: 0.15 secs
 
--> Parameter xsthdpdir set to xst


Total REAL time to Xst completion: 0.00 secs
Total CPU time to Xst completion: 0.16 secs
 
--> Reading design: dice.prj

TABLE OF CONTENTS
  1) Synthesis Options Summary
  2) HDL Compilation
  3) Design Hierarchy Analysis
  4) HDL Analysis
  5) HDL Synthesis
     5.1) HDL Synthesis Report
  6) Advanced HDL Synthesis
     6.1) Advanced HDL Synthesis Report
  7) Low Level Synthesis
  8) Partition Report
  9) Final Report

=========================================================================
*                      Synthesis Options Summary                        *
=========================================================================
---- Source Parameters
Input File Name                    : "dice.prj"
Input Format                       : mixed
Ignore Synthesis Constraint File   : NO

---- Target Parameters
Output File Name                   : "dice"
Output Format                      : NGC
Target Device                      : XC9500 CPLDs

---- Source Options
Top Module Name                    : dice
Automatic FSM Extraction           : YES
FSM Encoding Algorithm             : Auto
Safe Implementation                : No
Mux Extraction                     : Yes
Resource Sharing                   : YES

---- Target Options
Add IO Buffers                     : YES
MACRO Preserve                     : YES
XOR Preserve                       : YES
Equivalent register Removal        : YES

---- General Options
Optimization Goal                  : Speed
Optimization Effort                : 1
Keep Hierarchy                     : Yes
Netlist Hierarchy                  : As_Optimized
RTL Output                         : Yes
Hierarchy Separator                : /
Bus Delimiter                      : <>
Case Specifier                     : Maintain
Verilog 2001                       : YES

---- Other Options
wysiwyg                            : NO

=========================================================================


=========================================================================
*                          HDL Compilation                              *
=========================================================================
Compiling vhdl file "C:/Users/Dani/Desktop/VHDL code - DICE/activator.vhd" in Library work.
Architecture behavioral of Entity activator is up to date.
Compiling vhdl file "C:/Users/Dani/Desktop/VHDL code - DICE/counter.vhd" in Library work.
Architecture behavioral of Entity counter is up to date.
Compiling vhdl file "C:/Users/Dani/Desktop/VHDL code - DICE/decoder.vhd" in Library work.
Entity <decoder> compiled.
Entity <decoder> (Architecture <behavioral>) compiled.
Compiling vhdl file "C:/Users/Dani/Desktop/VHDL code - DICE/dice.vhd" in Library work.
Architecture behavioral of Entity dice is up to date.

=========================================================================
*                     Design Hierarchy Analysis                         *
=========================================================================
Analyzing hierarchy for entity <dice> in library <work> (architecture <behavioral>).

Analyzing hierarchy for entity <activator> in library <work> (architecture <behavioral>).

Analyzing hierarchy for entity <counter> in library <work> (architecture <behavioral>).

Analyzing hierarchy for entity <decoder> in library <work> (architecture <behavioral>).


=========================================================================
*                            HDL Analysis                               *
=========================================================================
Analyzing Entity <dice> in library <work> (Architecture <behavioral>).
Entity <dice> analyzed. Unit <dice> generated.

Analyzing Entity <activator> in library <work> (Architecture <behavioral>).
Entity <activator> analyzed. Unit <activator> generated.

Analyzing Entity <counter> in library <work> (Architecture <behavioral>).
Entity <counter> analyzed. Unit <counter> generated.

Analyzing Entity <decoder> in library <work> (Architecture <behavioral>).
Entity <decoder> analyzed. Unit <decoder> generated.


=========================================================================
*                           HDL Synthesis                               *
=========================================================================

Performing bidirectional port resolution...

Synthesizing Unit <activator>.
    Related source file is "C:/Users/Dani/Desktop/VHDL code - DICE/activator.vhd".
    Found finite state machine <FSM_0> for signal <crst>.
    -----------------------------------------------------------------------
    | States             | 4                                              |
    | Transitions        | 8                                              |
    | Inputs             | 1                                              |
    | Outputs            | 2                                              |
    | Clock              | clk                       (rising_edge)        |
    | Power Up State     | state1                                         |
    | Encoding           | automatic                                      |
    | Implementation     | automatic                                      |
    -----------------------------------------------------------------------
    Summary:
	inferred   1 Finite State Machine(s).
Unit <activator> synthesized.


Synthesizing Unit <counter>.
    Related source file is "C:/Users/Dani/Desktop/VHDL code - DICE/counter.vhd".
    Found 3-bit up counter for signal <count>.
    Summary:
	inferred   1 Counter(s).
Unit <counter> synthesized.


Synthesizing Unit <decoder>.
    Related source file is "C:/Users/Dani/Desktop/VHDL code - DICE/decoder.vhd".
    Found 8x7-bit ROM for signal <LEDs>.
    Summary:
	inferred   1 ROM(s).
Unit <decoder> synthesized.


Synthesizing Unit <dice>.
    Related source file is "C:/Users/Dani/Desktop/VHDL code - DICE/dice.vhd".
Unit <dice> synthesized.


=========================================================================
HDL Synthesis Report

Macro Statistics
# ROMs                                                 : 1
 8x7-bit ROM                                           : 1
# Counters                                             : 1
 3-bit up counter                                      : 1

=========================================================================

=========================================================================
*                       Advanced HDL Synthesis                          *
=========================================================================

Analyzing FSM <FSM_0> for best encoding.
Optimizing FSM <Inst_activator/crst/FSM> on signal <crst[1:2]> with johnson encoding.
--------------------
 State  | Encoding
--------------------
 state1 | 00
 state2 | 01
 state3 | 11
 state4 | 10
--------------------

=========================================================================
Advanced HDL Synthesis Report

Macro Statistics
# FSMs                                                 : 1
# ROMs                                                 : 1
 8x7-bit ROM                                           : 1
# Counters                                             : 1
 3-bit up counter                                      : 1

=========================================================================

=========================================================================
*                         Low Level Synthesis                           *
=========================================================================

Optimizing unit <dice> ...

Optimizing unit <activator> ...
  implementation constraint: INIT=r	 : crst_FSM_FFd1
  implementation constraint: INIT=r	 : crst_FSM_FFd2

Optimizing unit <decoder> ...

Optimizing unit <counter> ...

=========================================================================
*                           Partition Report                            *
=========================================================================

Partition Implementation Status
-------------------------------

  No Partitions were found in this design.

-------------------------------

=========================================================================
*                            Final Report                               *
=========================================================================
Final Results
RTL Top Level Output File Name     : dice.ngr
Top Level Output File Name         : dice
Output Format                      : NGC
Optimization Goal                  : Speed
Keep Hierarchy                     : Yes
Target Technology                  : XC9500 CPLDs
Macro Preserve                     : YES
XOR Preserve                       : YES
wysiwyg                            : NO

Design Statistics
# IOs                              : 9

Cell Usage :
# BELS                             : 56
#      AND2                        : 20
#      INV                         : 21
#      OR2                         : 11
#      OR3                         : 1
#      XOR2                        : 3
# FlipFlops/Latches                : 5
#      FD                          : 2
#      FDC                         : 3
# IO Buffers                       : 9
#      IBUF                        : 2
#      OBUF                        : 7
=========================================================================


Total REAL time to Xst completion: 10.00 secs
Total CPU time to Xst completion: 10.13 secs
 
--> 

Total memory usage is 237552 kilobytes

Number of errors   :    0 (   0 filtered)
Number of warnings :    0 (   0 filtered)
Number of infos    :    0 (   0 filtered)

